[13.10.2020 17:18:50]
XML DB_TYPE = MySQL

[13.10.2020 17:18:50]
XML CONNECTION_STRING = Driver ={mySQL ODBC 8.0 ANSI Driver}; Server=myServerAddress;Option=131072;Stmt=;Database=myDataBase;User=myUsername;Password=myPassword;

[13.10.2020 17:18:50]
XML DEPTH_LOG_DAY = 2

[13.10.2020 17:21:15]
XML DB_TYPE = MySQL

[13.10.2020 17:21:15]
XML CONNECTION_STRING = Driver={mySQL ODBC 8.0 ANSI Driver}; Server=192.168.0.69;Option=131072;Stmt=;Database=S7_DB_gate;User=mesone;Password=Mesone1_p@$$word;

[13.10.2020 17:21:15]
XML DEPTH_LOG_DAY = 2

[13.10.2020 17:25:26]
XML DB_TYPE = MySQL

[13.10.2020 17:25:26]
XML CONNECTION_STRING = Driver={mySQL ODBC 8.0 ANSI Driver}; Server=192.168.0.69;Option=131072;Stmt=;Database=S7_DB_gate;User=mesone;Password=Mesone1_p@$$word;

[13.10.2020 17:25:26]
XML DEPTH_LOG_DAY = 2

[13.10.2020 17:25:27]
DB DEPTH_HISTORY_HOUR = 240

[13.10.2020 17:25:27]
DB DEPTH_LOG_DAY = 3

[13.10.2020 17:44:16]
XML DB_TYPE = MySQL

[13.10.2020 17:44:16]
XML CONNECTION_STRING = Driver={mySQL ODBC 8.0 ANSI Driver}; Server=192.168.0.69;Option=131072;Stmt=;Database=S7_DB_gate;User=mesone;Password=Mesone1_p@$$word;

[13.10.2020 17:44:16]
XML DEPTH_LOG_DAY = 2

[13.10.2020 17:44:16]
DB DEPTH_HISTORY_HOUR = 240

[13.10.2020 17:44:16]
DB DEPTH_LOG_DAY = 3

[13.10.2020 17:49:58]
XML DB_TYPE = MySQL

[13.10.2020 17:49:58]
XML CONNECTION_STRING = Driver={mySQL ODBC 8.0 ANSI Driver}; Server=192.168.0.69;Option=131072;Stmt=;Database=S7_DB_gate;User=mesone;Password=Mesone1_p@$$word;

[13.10.2020 17:49:58]
XML DEPTH_LOG_DAY = 2

[13.10.2020 17:49:58]
DB DEPTH_HISTORY_HOUR = 240

[13.10.2020 17:49:58]
DB DEPTH_LOG_DAY = 3

[13.10.2020 17:56:10]
XML DB_TYPE = MySQL

[13.10.2020 17:56:10]
XML CONNECTION_STRING = Driver={mySQL ODBC 8.0 ANSI Driver}; Server=192.168.0.69;Option=131072;Stmt=;Database=S7_DB_gate;User=mesone;Password=Mesone1_p@$$word;

[13.10.2020 17:56:10]
XML DEPTH_LOG_DAY = 2

[13.10.2020 17:56:10]
DB DEPTH_HISTORY_HOUR = 240

[13.10.2020 17:56:10]
DB DEPTH_LOG_DAY = 3

[13.10.2020 18:07:54]
XML DB_TYPE = MySQL

[13.10.2020 18:07:54]
XML CONNECTION_STRING = Driver={mySQL ODBC 8.0 ANSI Driver}; Server=192.168.0.69;Option=131072;Stmt=;Database=S7_DB_gate;User=mesone;Password=Mesone1_p@$$word;

[13.10.2020 18:07:54]
XML DEPTH_LOG_DAY = 2

[13.10.2020 18:07:54]
DB DEPTH_HISTORY_HOUR = 240

[13.10.2020 18:07:54]
DB DEPTH_LOG_DAY = 3

[13.10.2020 18:12:55]
XML DB_TYPE = MySQL

[13.10.2020 18:12:55]
XML CONNECTION_STRING = Driver={mySQL ODBC 8.0 ANSI Driver}; Server=192.168.0.69;Option=131072;Stmt=;Database=S7_DB_gate;User=mesone;Password=Mesone1_p@$$word;

[13.10.2020 18:12:55]
XML DEPTH_LOG_DAY = 2

[13.10.2020 18:12:56]
DB DEPTH_HISTORY_HOUR = 240

[13.10.2020 18:12:56]
DB DEPTH_LOG_DAY = 3

[13.10.2020 18:52:11]
XML DB_TYPE = MySQL

[13.10.2020 18:52:11]
XML CONNECTION_STRING = Driver={mySQL ODBC 8.0 ANSI Driver}; Server=192.168.0.69;Option=131072;Stmt=;Database=S7_DB_gate;User=mesone;Password=Mesone1_p@$$word;

[13.10.2020 18:52:11]
XML DEPTH_LOG_DAY = 2

[13.10.2020 18:52:11]
DB DEPTH_HISTORY_HOUR = 240

[13.10.2020 18:52:11]
DB DEPTH_LOG_DAY = 3

[13.10.2020 18:55:54]
XML DB_TYPE = MySQL

[13.10.2020 18:55:54]
XML CONNECTION_STRING = Driver={mySQL ODBC 8.0 ANSI Driver}; Server=192.168.0.69;Option=131072;Stmt=;Database=S7_DB_gate;User=mesone;Password=Mesone1_p@$$word;

[13.10.2020 18:55:54]
XML DEPTH_LOG_DAY = 2

[13.10.2020 18:55:54]
DB DEPTH_HISTORY_HOUR = 240

[13.10.2020 18:55:54]
DB DEPTH_LOG_DAY = 3

[13.10.2020 18:56:15]
DB DEPTH_LOG_DAY = 31

[13.10.2020 18:56:15]
Error database
[S7_DB_gate.HandlerDatabase - Error read] -> [S7_DB_gate.HandlerDatabase - Error read data table] -> [S7_DB_gate.HandlerDatabase - Invalid attempt to call Read when reader is closed.]
   at S7_DB_gate.HandlerDatabase.ReadAction() in C:\Users\i.korol\Desktop\DEV\applications-mesone\S7 DB gate\HandlerDatabase.cs:line 156
   at S7_DB_gate.HandlerDatabase.Handler() in C:\Users\i.korol\Desktop\DEV\applications-mesone\S7 DB gate\HandlerDatabase.cs:line 111
   at Lib.Database.Read(DataTable dt) in C:\Users\i.korol\Desktop\DEV\applications-mesone\Lib\Database.cs:line 162
   at S7_DB_gate.HandlerDatabase.ReadAction() in C:\Users\i.korol\Desktop\DEV\applications-mesone\S7 DB gate\HandlerDatabase.cs:line 143
   at System.Data.Odbc.OdbcDataReader.Read()
   at System.Data.Common.DataAdapter.FillLoadDataRow(SchemaMapping mapping)
   at System.Data.Common.DataAdapter.FillFromReader(DataSet dataset, DataTable datatable, String srcTable, DataReaderContainer dataReader, Int32 startRecord, Int32 maxRecords, DataColumn parentChapterColumn, Object parentChapterValue)
   at System.Data.Common.DataAdapter.Fill(DataTable[] dataTables, IDataReader dataReader, Int32 startRecord, Int32 maxRecords)
   at System.Data.Common.DbDataAdapter.FillInternal(DataSet dataset, DataTable[] datatables, Int32 startRecord, Int32 maxRecords, String srcTable, IDbCommand command, CommandBehavior behavior)
   at System.Data.Common.DbDataAdapter.Fill(DataTable[] dataTables, Int32 startRecord, Int32 maxRecords, IDbCommand command, CommandBehavior behavior)
   at System.Data.Common.DbDataAdapter.Fill(DataTable dataTable)
   at Lib.Database.Read(DataTable dt) in C:\Users\i.korol\Desktop\DEV\applications-mesone\Lib\Database.cs:line 154

[13.10.2020 18:56:40]
DB DEPTH_LOG_DAY = 3

[13.10.2020 18:56:40]
Error database
[S7_DB_gate.HandlerDatabase - Error read] -> [S7_DB_gate.HandlerDatabase - Error read data table] -> [S7_DB_gate.HandlerDatabase - Invalid attempt to call Read when reader is closed.]
   at S7_DB_gate.HandlerDatabase.ReadAction() in C:\Users\i.korol\Desktop\DEV\applications-mesone\S7 DB gate\HandlerDatabase.cs:line 156
   at S7_DB_gate.HandlerDatabase.Handler() in C:\Users\i.korol\Desktop\DEV\applications-mesone\S7 DB gate\HandlerDatabase.cs:line 111
   at Lib.Database.Read(DataTable dt) in C:\Users\i.korol\Desktop\DEV\applications-mesone\Lib\Database.cs:line 162
   at S7_DB_gate.HandlerDatabase.ReadAction() in C:\Users\i.korol\Desktop\DEV\applications-mesone\S7 DB gate\HandlerDatabase.cs:line 143
   at System.Data.Odbc.OdbcDataReader.Read()
   at System.Data.Common.DataAdapter.FillLoadDataRow(SchemaMapping mapping)
   at System.Data.Common.DataAdapter.FillFromReader(DataSet dataset, DataTable datatable, String srcTable, DataReaderContainer dataReader, Int32 startRecord, Int32 maxRecords, DataColumn parentChapterColumn, Object parentChapterValue)
   at System.Data.Common.DataAdapter.Fill(DataTable[] dataTables, IDataReader dataReader, Int32 startRecord, Int32 maxRecords)
   at System.Data.Common.DbDataAdapter.FillInternal(DataSet dataset, DataTable[] datatables, Int32 startRecord, Int32 maxRecords, String srcTable, IDbCommand command, CommandBehavior behavior)
   at System.Data.Common.DbDataAdapter.Fill(DataTable[] dataTables, Int32 startRecord, Int32 maxRecords, IDbCommand command, CommandBehavior behavior)
   at System.Data.Common.DbDataAdapter.Fill(DataTable dataTable)
   at Lib.Database.Read(DataTable dt) in C:\Users\i.korol\Desktop\DEV\applications-mesone\Lib\Database.cs:line 154

[13.10.2020 20:03:56]
XML DB_TYPE = MySQL

[13.10.2020 20:03:56]
XML CONNECTION_STRING = Driver={mySQL ODBC 8.0 ANSI Driver}; Server=192.168.0.69;Option=131072;Stmt=;Database=S7_DB_gate;User=mesone;Password=Mesone1_p@$$word;

[13.10.2020 20:03:56]
XML DEPTH_LOG_DAY = 2

[13.10.2020 20:03:56]
DB DEPTH_HISTORY_HOUR = 240

[13.10.2020 20:03:56]
DB DEPTH_LOG_DAY = 3

[13.10.2020 20:05:44]
XML DB_TYPE = MySQL

[13.10.2020 20:05:44]
XML CONNECTION_STRING = Driver={mySQL ODBC 8.0 ANSI Driver}; Server=192.168.0.69;Option=131072;Stmt=;Database=S7_DB_gate;User=mesone;Password=Mesone1_p@$$word;

[13.10.2020 20:05:44]
XML DEPTH_LOG_DAY = 2

[13.10.2020 20:05:44]
DB DEPTH_HISTORY_HOUR = 240

[13.10.2020 20:05:44]
DB DEPTH_LOG_DAY = 3

[13.10.2020 20:07:04]
XML DB_TYPE = MySQL

[13.10.2020 20:07:04]
XML CONNECTION_STRING = Driver={mySQL ODBC 8.0 ANSI Driver}; Server=192.168.0.69;Option=131072;Stmt=;Database=S7_DB_gate;User=mesone;Password=Mesone1_p@$$word;

[13.10.2020 20:07:04]
XML DEPTH_LOG_DAY = 2

[13.10.2020 20:07:05]
DB DEPTH_HISTORY_HOUR = 240

[13.10.2020 20:07:05]
DB DEPTH_LOG_DAY = 3

[13.10.2020 20:08:42]
XML DB_TYPE = MySQL

[13.10.2020 20:08:42]
XML CONNECTION_STRING = Driver={mySQL ODBC 8.0 ANSI Driver}; Server=192.168.0.69;Option=131072;Stmt=;Database=S7_DB_gate;User=mesone;Password=Mesone1_p@$$word;

[13.10.2020 20:08:42]
XML DEPTH_LOG_DAY = 2

[13.10.2020 20:08:42]
DB DEPTH_HISTORY_HOUR = 240

[13.10.2020 20:08:42]
DB DEPTH_LOG_DAY = 3

[13.10.2020 20:08:59]
XML DB_TYPE = MySQL

[13.10.2020 20:08:59]
XML CONNECTION_STRING = Driver={mySQL ODBC 8.0 ANSI Driver}; Server=192.168.0.69;Option=131072;Stmt=;Database=S7_DB_gate;User=mesone;Password=Mesone1_p@$$word;

[13.10.2020 20:08:59]
XML DEPTH_LOG_DAY = 2

[13.10.2020 20:08:59]
DB DEPTH_HISTORY_HOUR = 240

[13.10.2020 20:09:00]
DB DEPTH_LOG_DAY = 3

[13.10.2020 20:09:19]
XML DB_TYPE = MySQL

[13.10.2020 20:09:19]
XML CONNECTION_STRING = Driver={mySQL ODBC 8.0 ANSI Driver}; Server=192.168.0.69;Option=131072;Stmt=;Database=S7_DB_gate;User=mesone;Password=Mesone1_p@$$word;

[13.10.2020 20:09:19]
XML DEPTH_LOG_DAY = 2

[13.10.2020 20:09:19]
DB DEPTH_HISTORY_HOUR = 240

[13.10.2020 20:09:19]
DB DEPTH_LOG_DAY = 3

[13.10.2020 20:09:36]
XML DB_TYPE = MySQL

[13.10.2020 20:09:36]
XML CONNECTION_STRING = Driver={mySQL ODBC 8.0 ANSI Driver}; Server=192.168.0.69;Option=131072;Stmt=;Database=S7_DB_gate;User=mesone;Password=Mesone1_p@$$word;

[13.10.2020 20:09:36]
XML DEPTH_LOG_DAY = 2

[13.10.2020 20:09:36]
DB DEPTH_HISTORY_HOUR = 240

[13.10.2020 20:09:36]
DB DEPTH_LOG_DAY = 3

